-- The C compiler identification is GNU 9.3.0
-- The CXX compiler identification is GNU 9.3.0
-- Check for working C compiler: /usr/bin/cc
-- Check for working C compiler: /usr/bin/cc -- works
-- Detecting C compiler ABI info
-- Detecting C compiler ABI info - done
-- Detecting C compile features
-- Detecting C compile features - done
-- Check for working CXX compiler: /usr/bin/c++
-- Check for working CXX compiler: /usr/bin/c++ -- works
-- Detecting CXX compiler ABI info
-- Detecting CXX compiler ABI info - done
-- Detecting CXX compile features
-- Detecting CXX compile features - done
-- Found ament_cmake: 1.1.4 (/opt/ros/galactic/share/ament_cmake/cmake)
-- Found PythonInterp: /usr/bin/python3 (found suitable version "3.8.10", minimum required is "3") 
-- Using PYTHON_EXECUTABLE: /usr/bin/python3
-- Found ament_cmake_auto: 1.1.4 (/opt/ros/galactic/share/ament_cmake_auto/cmake)
-- Found rclcpp: 9.2.0 (/opt/ros/galactic/share/rclcpp/cmake)
-- Using all available rosidl_typesupport_c: rosidl_typesupport_fastrtps_c;rosidl_typesupport_introspection_c
-- Found rosidl_adapter: 2.2.1 (/opt/ros/galactic/share/rosidl_adapter/cmake)
-- Found OpenSSL: /usr/lib/x86_64-linux-gnu/libcrypto.so (found version "1.1.1f")  
-- Found FastRTPS: /opt/ros/galactic/include  
-- Using all available rosidl_typesupport_cpp: rosidl_typesupport_fastrtps_cpp;rosidl_typesupport_introspection_cpp
-- Found rmw_implementation_cmake: 3.3.1 (/opt/ros/galactic/share/rmw_implementation_cmake/cmake)
-- Found rmw_cyclonedds_cpp: 0.22.4 (/opt/ros/galactic/share/rmw_cyclonedds_cpp/cmake)
-- Using RMW implementation 'rmw_cyclonedds_cpp' as default
-- Looking for pthread.h
-- Looking for pthread.h - found
-- Performing Test CMAKE_HAVE_LIBC_PTHREAD
-- Performing Test CMAKE_HAVE_LIBC_PTHREAD - Failed
-- Looking for pthread_create in pthreads
-- Looking for pthread_create in pthreads - not found
-- Looking for pthread_create in pthread
-- Looking for pthread_create in pthread - found
-- Found Threads: TRUE  
-- Found rclcpp_components: 9.2.0 (/opt/ros/galactic/share/rclcpp_components/cmake)
-- Found geometry_msgs: 2.2.3 (/opt/ros/galactic/share/geometry_msgs/cmake)
-- Found nav_msgs: 2.2.3 (/opt/ros/galactic/share/nav_msgs/cmake)
-- Found sensor_msgs: 2.2.3 (/opt/ros/galactic/share/sensor_msgs/cmake)
-- Found ament_lint_auto: 0.10.6 (/opt/ros/galactic/share/ament_lint_auto/cmake)
-- Added test 'clang_format' to check C / C++ code style
-- Added test 'copyright' to check source files copyright and LICENSE
-- Added test 'xmllint' to check XML markup files
-- Configuring done
-- Generating done
-- Build files have been written to: /home/kenta/ouxt_automation/robotx_ws/src/localization/robotx_ekf/build/robotx_ekf
[35m[1mScanning dependencies of target ekf_component[0m
[ 25%] [32mBuilding CXX object CMakeFiles/ekf_component.dir/src/ekf_component.cpp.o[0m
[ 50%] [32m[1mLinking CXX shared library libekf_component.so[0m
[ 50%] Built target ekf_component
[35m[1mScanning dependencies of target ekf_node[0m
[ 75%] [32mBuilding CXX object CMakeFiles/ekf_node.dir/src/ekf_node.cpp.o[0m
[100%] [32m[1mLinking CXX executable ekf_node[0m
[100%] Built target ekf_node
-- Install configuration: ""
-- Installing: /home/kenta/ouxt_automation/robotx_ws/src/localization/robotx_ekf/install/robotx_ekf/share/robotx_ekf/environment/library_path.sh
-- Installing: /home/kenta/ouxt_automation/robotx_ws/src/localization/robotx_ekf/install/robotx_ekf/share/robotx_ekf/environment/library_path.dsv
-- Installing: /home/kenta/ouxt_automation/robotx_ws/src/localization/robotx_ekf/install/robotx_ekf/lib/robotx_ekf/ekf_node
-- Set runtime path of "/home/kenta/ouxt_automation/robotx_ws/src/localization/robotx_ekf/install/robotx_ekf/lib/robotx_ekf/ekf_node" to ""
-- Installing: /home/kenta/ouxt_automation/robotx_ws/src/localization/robotx_ekf/install/robotx_ekf/lib/libekf_component.so
-- Set runtime path of "/home/kenta/ouxt_automation/robotx_ws/src/localization/robotx_ekf/install/robotx_ekf/lib/libekf_component.so" to ""
-- Installing: /home/kenta/ouxt_automation/robotx_ws/src/localization/robotx_ekf/install/robotx_ekf/include
-- Installing: /home/kenta/ouxt_automation/robotx_ws/src/localization/robotx_ekf/install/robotx_ekf/include/robotx_ekf
-- Installing: /home/kenta/ouxt_automation/robotx_ws/src/localization/robotx_ekf/install/robotx_ekf/include/robotx_ekf/ekf_component.hpp
-- Installing: /home/kenta/ouxt_automation/robotx_ws/src/localization/robotx_ekf/install/robotx_ekf/share/ament_index/resource_index/package_run_dependencies/robotx_ekf
-- Installing: /home/kenta/ouxt_automation/robotx_ws/src/localization/robotx_ekf/install/robotx_ekf/share/ament_index/resource_index/parent_prefix_path/robotx_ekf
-- Installing: /home/kenta/ouxt_automation/robotx_ws/src/localization/robotx_ekf/install/robotx_ekf/share/robotx_ekf/environment/ament_prefix_path.sh
-- Installing: /home/kenta/ouxt_automation/robotx_ws/src/localization/robotx_ekf/install/robotx_ekf/share/robotx_ekf/environment/ament_prefix_path.dsv
-- Installing: /home/kenta/ouxt_automation/robotx_ws/src/localization/robotx_ekf/install/robotx_ekf/share/robotx_ekf/environment/path.sh
-- Installing: /home/kenta/ouxt_automation/robotx_ws/src/localization/robotx_ekf/install/robotx_ekf/share/robotx_ekf/environment/path.dsv
-- Installing: /home/kenta/ouxt_automation/robotx_ws/src/localization/robotx_ekf/install/robotx_ekf/share/robotx_ekf/local_setup.bash
-- Installing: /home/kenta/ouxt_automation/robotx_ws/src/localization/robotx_ekf/install/robotx_ekf/share/robotx_ekf/local_setup.sh
-- Installing: /home/kenta/ouxt_automation/robotx_ws/src/localization/robotx_ekf/install/robotx_ekf/share/robotx_ekf/local_setup.zsh
-- Installing: /home/kenta/ouxt_automation/robotx_ws/src/localization/robotx_ekf/install/robotx_ekf/share/robotx_ekf/local_setup.dsv
-- Installing: /home/kenta/ouxt_automation/robotx_ws/src/localization/robotx_ekf/install/robotx_ekf/share/robotx_ekf/package.dsv
-- Installing: /home/kenta/ouxt_automation/robotx_ws/src/localization/robotx_ekf/install/robotx_ekf/share/ament_index/resource_index/packages/robotx_ekf
-- Installing: /home/kenta/ouxt_automation/robotx_ws/src/localization/robotx_ekf/install/robotx_ekf/share/ament_index/resource_index/rclcpp_components/robotx_ekf
-- Installing: /home/kenta/ouxt_automation/robotx_ws/src/localization/robotx_ekf/install/robotx_ekf/share/robotx_ekf/cmake/ament_cmake_export_libraries-extras.cmake
-- Installing: /home/kenta/ouxt_automation/robotx_ws/src/localization/robotx_ekf/install/robotx_ekf/share/robotx_ekf/cmake/ament_cmake_export_include_directories-extras.cmake
-- Installing: /home/kenta/ouxt_automation/robotx_ws/src/localization/robotx_ekf/install/robotx_ekf/share/robotx_ekf/cmake/robotx_ekfConfig.cmake
-- Installing: /home/kenta/ouxt_automation/robotx_ws/src/localization/robotx_ekf/install/robotx_ekf/share/robotx_ekf/cmake/robotx_ekfConfig-version.cmake
-- Installing: /home/kenta/ouxt_automation/robotx_ws/src/localization/robotx_ekf/install/robotx_ekf/share/robotx_ekf/package.xml
