[0.015s] Invoking command in '/home/kenta/ouxt_automation/robotx_ws/src/localization/robotx_ekf/build/robotx_ekf': CMAKE_PREFIX_PATH=${CMAKE_PREFIX_PATH}:/home/kenta/ouxt_automation/robotx_ws/install/rosboard:/home/kenta/ouxt_automation/robotx_ws/install/rospy2:/home/kenta/ouxt_automation/robotx_ws/install/ros2controlcli:/opt/ros/galactic /usr/bin/cmake /home/kenta/ouxt_automation/robotx_ws/src/localization/robotx_ekf -DCMAKE_INSTALL_PREFIX=/home/kenta/ouxt_automation/robotx_ws/src/localization/robotx_ekf/install/robotx_ekf
[0.248s] -- The C compiler identification is GNU 9.3.0
[0.371s] -- The CXX compiler identification is GNU 9.3.0
[0.381s] -- Check for working C compiler: /usr/bin/cc
[0.500s] -- Check for working C compiler: /usr/bin/cc -- works
[0.501s] -- Detecting C compiler ABI info
[0.699s] -- Detecting C compiler ABI info - done
[0.716s] -- Detecting C compile features
[0.767s] -- Detecting C compile features - done
[0.770s] -- Check for working CXX compiler: /usr/bin/c++
[0.888s] -- Check for working CXX compiler: /usr/bin/c++ -- works
[0.889s] -- Detecting CXX compiler ABI info
[0.998s] -- Detecting CXX compiler ABI info - done
[1.012s] -- Detecting CXX compile features
[1.012s] -- Detecting CXX compile features - done
[1.201s] -- Found ament_cmake: 1.1.4 (/opt/ros/galactic/share/ament_cmake/cmake)
[1.250s] -- Found PythonInterp: /usr/bin/python3 (found suitable version "3.8.10", minimum required is "3") 
[1.250s] -- Using PYTHON_EXECUTABLE: /usr/bin/python3
[1.422s] -- Found ament_cmake_auto: 1.1.4 (/opt/ros/galactic/share/ament_cmake_auto/cmake)
[1.465s] -- Found rclcpp: 9.2.0 (/opt/ros/galactic/share/rclcpp/cmake)
[1.748s] -- Using all available rosidl_typesupport_c: rosidl_typesupport_fastrtps_c;rosidl_typesupport_introspection_c
[1.797s] -- Found rosidl_adapter: 2.2.1 (/opt/ros/galactic/share/rosidl_adapter/cmake)
[2.051s] -- Found OpenSSL: /usr/lib/x86_64-linux-gnu/libcrypto.so (found version "1.1.1f")  
[2.090s] -- Found FastRTPS: /opt/ros/galactic/include  
[2.212s] -- Using all available rosidl_typesupport_cpp: rosidl_typesupport_fastrtps_cpp;rosidl_typesupport_introspection_cpp
[2.293s] -- Found rmw_implementation_cmake: 3.3.1 (/opt/ros/galactic/share/rmw_implementation_cmake/cmake)
[2.302s] -- Found rmw_cyclonedds_cpp: 0.22.4 (/opt/ros/galactic/share/rmw_cyclonedds_cpp/cmake)
[2.326s] -- Using RMW implementation 'rmw_cyclonedds_cpp' as default
[2.378s] -- Looking for pthread.h
[2.471s] -- Looking for pthread.h - found
[2.471s] -- Performing Test CMAKE_HAVE_LIBC_PTHREAD
[2.605s] -- Performing Test CMAKE_HAVE_LIBC_PTHREAD - Failed
[2.606s] -- Looking for pthread_create in pthreads
[2.702s] -- Looking for pthread_create in pthreads - not found
[2.702s] -- Looking for pthread_create in pthread
[2.806s] -- Looking for pthread_create in pthread - found
[2.807s] -- Found Threads: TRUE  
[2.964s] -- Found rclcpp_components: 9.2.0 (/opt/ros/galactic/share/rclcpp_components/cmake)
[3.079s] -- Found geometry_msgs: 2.2.3 (/opt/ros/galactic/share/geometry_msgs/cmake)
[3.117s] -- Found nav_msgs: 2.2.3 (/opt/ros/galactic/share/nav_msgs/cmake)
[3.189s] -- Found sensor_msgs: 2.2.3 (/opt/ros/galactic/share/sensor_msgs/cmake)
[3.275s] -- Found ament_lint_auto: 0.10.6 (/opt/ros/galactic/share/ament_lint_auto/cmake)
[3.372s] -- Added test 'clang_format' to check C / C++ code style
[3.373s] -- Added test 'copyright' to check source files copyright and LICENSE
[3.376s] -- Added test 'xmllint' to check XML markup files
[3.504s] -- Configuring done
[3.543s] -- Generating done
[3.545s] -- Build files have been written to: /home/kenta/ouxt_automation/robotx_ws/src/localization/robotx_ekf/build/robotx_ekf
[3.554s] Invoked command in '/home/kenta/ouxt_automation/robotx_ws/src/localization/robotx_ekf/build/robotx_ekf' returned '0': CMAKE_PREFIX_PATH=${CMAKE_PREFIX_PATH}:/home/kenta/ouxt_automation/robotx_ws/install/rosboard:/home/kenta/ouxt_automation/robotx_ws/install/rospy2:/home/kenta/ouxt_automation/robotx_ws/install/ros2controlcli:/opt/ros/galactic /usr/bin/cmake /home/kenta/ouxt_automation/robotx_ws/src/localization/robotx_ekf -DCMAKE_INSTALL_PREFIX=/home/kenta/ouxt_automation/robotx_ws/src/localization/robotx_ekf/install/robotx_ekf
[3.557s] Invoking command in '/home/kenta/ouxt_automation/robotx_ws/src/localization/robotx_ekf/build/robotx_ekf': CMAKE_PREFIX_PATH=${CMAKE_PREFIX_PATH}:/home/kenta/ouxt_automation/robotx_ws/install/rosboard:/home/kenta/ouxt_automation/robotx_ws/install/rospy2:/home/kenta/ouxt_automation/robotx_ws/install/ros2controlcli:/opt/ros/galactic /usr/bin/cmake --build /home/kenta/ouxt_automation/robotx_ws/src/localization/robotx_ekf/build/robotx_ekf -- -j12 -l12
[3.621s] [35m[1mScanning dependencies of target ekf_component[0m
[3.678s] [ 25%] [32mBuilding CXX object CMakeFiles/ekf_component.dir/src/ekf_component.cpp.o[0m
[15.302s] [ 50%] [32m[1mLinking CXX shared library libekf_component.so[0m
[15.775s] [ 50%] Built target ekf_component
[15.786s] [35m[1mScanning dependencies of target ekf_node[0m
[15.840s] [ 75%] [32mBuilding CXX object CMakeFiles/ekf_node.dir/src/ekf_node.cpp.o[0m
[18.233s] [100%] [32m[1mLinking CXX executable ekf_node[0m
[18.451s] [100%] Built target ekf_node
[18.470s] Invoked command in '/home/kenta/ouxt_automation/robotx_ws/src/localization/robotx_ekf/build/robotx_ekf' returned '0': CMAKE_PREFIX_PATH=${CMAKE_PREFIX_PATH}:/home/kenta/ouxt_automation/robotx_ws/install/rosboard:/home/kenta/ouxt_automation/robotx_ws/install/rospy2:/home/kenta/ouxt_automation/robotx_ws/install/ros2controlcli:/opt/ros/galactic /usr/bin/cmake --build /home/kenta/ouxt_automation/robotx_ws/src/localization/robotx_ekf/build/robotx_ekf -- -j12 -l12
[18.542s] Invoking command in '/home/kenta/ouxt_automation/robotx_ws/src/localization/robotx_ekf/build/robotx_ekf': CMAKE_PREFIX_PATH=${CMAKE_PREFIX_PATH}:/home/kenta/ouxt_automation/robotx_ws/install/rosboard:/home/kenta/ouxt_automation/robotx_ws/install/rospy2:/home/kenta/ouxt_automation/robotx_ws/install/ros2controlcli:/opt/ros/galactic /usr/bin/cmake --install /home/kenta/ouxt_automation/robotx_ws/src/localization/robotx_ekf/build/robotx_ekf
[18.554s] -- Install configuration: ""
[18.595s] -- Installing: /home/kenta/ouxt_automation/robotx_ws/src/localization/robotx_ekf/install/robotx_ekf/share/robotx_ekf/environment/library_path.sh
[18.595s] -- Installing: /home/kenta/ouxt_automation/robotx_ws/src/localization/robotx_ekf/install/robotx_ekf/share/robotx_ekf/environment/library_path.dsv
[18.595s] -- Installing: /home/kenta/ouxt_automation/robotx_ws/src/localization/robotx_ekf/install/robotx_ekf/lib/robotx_ekf/ekf_node
[18.596s] -- Set runtime path of "/home/kenta/ouxt_automation/robotx_ws/src/localization/robotx_ekf/install/robotx_ekf/lib/robotx_ekf/ekf_node" to ""
[18.596s] -- Installing: /home/kenta/ouxt_automation/robotx_ws/src/localization/robotx_ekf/install/robotx_ekf/lib/libekf_component.so
[18.609s] -- Set runtime path of "/home/kenta/ouxt_automation/robotx_ws/src/localization/robotx_ekf/install/robotx_ekf/lib/libekf_component.so" to ""
[18.610s] -- Installing: /home/kenta/ouxt_automation/robotx_ws/src/localization/robotx_ekf/install/robotx_ekf/include
[18.610s] -- Installing: /home/kenta/ouxt_automation/robotx_ws/src/localization/robotx_ekf/install/robotx_ekf/include/robotx_ekf
[18.610s] -- Installing: /home/kenta/ouxt_automation/robotx_ws/src/localization/robotx_ekf/install/robotx_ekf/include/robotx_ekf/ekf_component.hpp
[18.610s] -- Installing: /home/kenta/ouxt_automation/robotx_ws/src/localization/robotx_ekf/install/robotx_ekf/share/ament_index/resource_index/package_run_dependencies/robotx_ekf
[18.610s] -- Installing: /home/kenta/ouxt_automation/robotx_ws/src/localization/robotx_ekf/install/robotx_ekf/share/ament_index/resource_index/parent_prefix_path/robotx_ekf
[18.610s] -- Installing: /home/kenta/ouxt_automation/robotx_ws/src/localization/robotx_ekf/install/robotx_ekf/share/robotx_ekf/environment/ament_prefix_path.sh
[18.610s] -- Installing: /home/kenta/ouxt_automation/robotx_ws/src/localization/robotx_ekf/install/robotx_ekf/share/robotx_ekf/environment/ament_prefix_path.dsv
[18.610s] -- Installing: /home/kenta/ouxt_automation/robotx_ws/src/localization/robotx_ekf/install/robotx_ekf/share/robotx_ekf/environment/path.sh
[18.610s] -- Installing: /home/kenta/ouxt_automation/robotx_ws/src/localization/robotx_ekf/install/robotx_ekf/share/robotx_ekf/environment/path.dsv
[18.611s] -- Installing: /home/kenta/ouxt_automation/robotx_ws/src/localization/robotx_ekf/install/robotx_ekf/share/robotx_ekf/local_setup.bash
[18.611s] -- Installing: /home/kenta/ouxt_automation/robotx_ws/src/localization/robotx_ekf/install/robotx_ekf/share/robotx_ekf/local_setup.sh
[18.611s] -- Installing: /home/kenta/ouxt_automation/robotx_ws/src/localization/robotx_ekf/install/robotx_ekf/share/robotx_ekf/local_setup.zsh
[18.611s] -- Installing: /home/kenta/ouxt_automation/robotx_ws/src/localization/robotx_ekf/install/robotx_ekf/share/robotx_ekf/local_setup.dsv
[18.611s] -- Installing: /home/kenta/ouxt_automation/robotx_ws/src/localization/robotx_ekf/install/robotx_ekf/share/robotx_ekf/package.dsv
[18.611s] -- Installing: /home/kenta/ouxt_automation/robotx_ws/src/localization/robotx_ekf/install/robotx_ekf/share/ament_index/resource_index/packages/robotx_ekf
[18.612s] -- Installing: /home/kenta/ouxt_automation/robotx_ws/src/localization/robotx_ekf/install/robotx_ekf/share/ament_index/resource_index/rclcpp_components/robotx_ekf
[18.612s] -- Installing: /home/kenta/ouxt_automation/robotx_ws/src/localization/robotx_ekf/install/robotx_ekf/share/robotx_ekf/cmake/ament_cmake_export_libraries-extras.cmake
[18.612s] -- Installing: /home/kenta/ouxt_automation/robotx_ws/src/localization/robotx_ekf/install/robotx_ekf/share/robotx_ekf/cmake/ament_cmake_export_include_directories-extras.cmake
[18.612s] -- Installing: /home/kenta/ouxt_automation/robotx_ws/src/localization/robotx_ekf/install/robotx_ekf/share/robotx_ekf/cmake/robotx_ekfConfig.cmake
[18.612s] -- Installing: /home/kenta/ouxt_automation/robotx_ws/src/localization/robotx_ekf/install/robotx_ekf/share/robotx_ekf/cmake/robotx_ekfConfig-version.cmake
[18.612s] -- Installing: /home/kenta/ouxt_automation/robotx_ws/src/localization/robotx_ekf/install/robotx_ekf/share/robotx_ekf/package.xml
[18.614s] Invoked command in '/home/kenta/ouxt_automation/robotx_ws/src/localization/robotx_ekf/build/robotx_ekf' returned '0': CMAKE_PREFIX_PATH=${CMAKE_PREFIX_PATH}:/home/kenta/ouxt_automation/robotx_ws/install/rosboard:/home/kenta/ouxt_automation/robotx_ws/install/rospy2:/home/kenta/ouxt_automation/robotx_ws/install/ros2controlcli:/opt/ros/galactic /usr/bin/cmake --install /home/kenta/ouxt_automation/robotx_ws/src/localization/robotx_ekf/build/robotx_ekf
