[35m[1mScanning dependencies of target ekf_component[0m
[ 25%] [32mBuilding CXX object CMakeFiles/ekf_component.dir/src/ekf_component.cpp.o[0m
[ 50%] [32m[1mLinking CXX shared library libekf_component.so[0m
[ 50%] Built target ekf_component
[35m[1mScanning dependencies of target ekf_node[0m
[ 75%] [32mBuilding CXX object CMakeFiles/ekf_node.dir/src/ekf_node.cpp.o[0m
[100%] [32m[1mLinking CXX executable ekf_node[0m
[100%] Built target ekf_node
-- Install configuration: ""
-- Up-to-date: /home/kenta/ouxt_automation/robotx_ws/src/localization/robotx_ekf/install/robotx_ekf/share/robotx_ekf/environment/library_path.sh
-- Up-to-date: /home/kenta/ouxt_automation/robotx_ws/src/localization/robotx_ekf/install/robotx_ekf/share/robotx_ekf/environment/library_path.dsv
-- Installing: /home/kenta/ouxt_automation/robotx_ws/src/localization/robotx_ekf/install/robotx_ekf/lib/robotx_ekf/ekf_node
-- Set runtime path of "/home/kenta/ouxt_automation/robotx_ws/src/localization/robotx_ekf/install/robotx_ekf/lib/robotx_ekf/ekf_node" to ""
-- Installing: /home/kenta/ouxt_automation/robotx_ws/src/localization/robotx_ekf/install/robotx_ekf/lib/libekf_component.so
-- Set runtime path of "/home/kenta/ouxt_automation/robotx_ws/src/localization/robotx_ekf/install/robotx_ekf/lib/libekf_component.so" to ""
-- Up-to-date: /home/kenta/ouxt_automation/robotx_ws/src/localization/robotx_ekf/install/robotx_ekf/include
-- Up-to-date: /home/kenta/ouxt_automation/robotx_ws/src/localization/robotx_ekf/install/robotx_ekf/include/robotx_ekf
-- Installing: /home/kenta/ouxt_automation/robotx_ws/src/localization/robotx_ekf/install/robotx_ekf/include/robotx_ekf/ekf_component.hpp
-- Up-to-date: /home/kenta/ouxt_automation/robotx_ws/src/localization/robotx_ekf/install/robotx_ekf/share/ament_index/resource_index/package_run_dependencies/robotx_ekf
-- Up-to-date: /home/kenta/ouxt_automation/robotx_ws/src/localization/robotx_ekf/install/robotx_ekf/share/ament_index/resource_index/parent_prefix_path/robotx_ekf
-- Up-to-date: /home/kenta/ouxt_automation/robotx_ws/src/localization/robotx_ekf/install/robotx_ekf/share/robotx_ekf/environment/ament_prefix_path.sh
-- Up-to-date: /home/kenta/ouxt_automation/robotx_ws/src/localization/robotx_ekf/install/robotx_ekf/share/robotx_ekf/environment/ament_prefix_path.dsv
-- Up-to-date: /home/kenta/ouxt_automation/robotx_ws/src/localization/robotx_ekf/install/robotx_ekf/share/robotx_ekf/environment/path.sh
-- Up-to-date: /home/kenta/ouxt_automation/robotx_ws/src/localization/robotx_ekf/install/robotx_ekf/share/robotx_ekf/environment/path.dsv
-- Up-to-date: /home/kenta/ouxt_automation/robotx_ws/src/localization/robotx_ekf/install/robotx_ekf/share/robotx_ekf/local_setup.bash
-- Up-to-date: /home/kenta/ouxt_automation/robotx_ws/src/localization/robotx_ekf/install/robotx_ekf/share/robotx_ekf/local_setup.sh
-- Up-to-date: /home/kenta/ouxt_automation/robotx_ws/src/localization/robotx_ekf/install/robotx_ekf/share/robotx_ekf/local_setup.zsh
-- Up-to-date: /home/kenta/ouxt_automation/robotx_ws/src/localization/robotx_ekf/install/robotx_ekf/share/robotx_ekf/local_setup.dsv
-- Installing: /home/kenta/ouxt_automation/robotx_ws/src/localization/robotx_ekf/install/robotx_ekf/share/robotx_ekf/package.dsv
-- Up-to-date: /home/kenta/ouxt_automation/robotx_ws/src/localization/robotx_ekf/install/robotx_ekf/share/ament_index/resource_index/packages/robotx_ekf
-- Up-to-date: /home/kenta/ouxt_automation/robotx_ws/src/localization/robotx_ekf/install/robotx_ekf/share/ament_index/resource_index/rclcpp_components/robotx_ekf
-- Up-to-date: /home/kenta/ouxt_automation/robotx_ws/src/localization/robotx_ekf/install/robotx_ekf/share/robotx_ekf/cmake/ament_cmake_export_libraries-extras.cmake
-- Up-to-date: /home/kenta/ouxt_automation/robotx_ws/src/localization/robotx_ekf/install/robotx_ekf/share/robotx_ekf/cmake/ament_cmake_export_include_directories-extras.cmake
-- Up-to-date: /home/kenta/ouxt_automation/robotx_ws/src/localization/robotx_ekf/install/robotx_ekf/share/robotx_ekf/cmake/robotx_ekfConfig.cmake
-- Up-to-date: /home/kenta/ouxt_automation/robotx_ws/src/localization/robotx_ekf/install/robotx_ekf/share/robotx_ekf/cmake/robotx_ekfConfig-version.cmake
-- Up-to-date: /home/kenta/ouxt_automation/robotx_ws/src/localization/robotx_ekf/install/robotx_ekf/share/robotx_ekf/package.xml
