[0.018s] Invoking command in '/home/kenta/ouxt_automation/robotx_ws/src/localization/robotx_ekf/build/robotx_ekf': CMAKE_PREFIX_PATH=${CMAKE_PREFIX_PATH}:/home/kenta/ouxt_automation/robotx_ws/install/rosboard:/home/kenta/ouxt_automation/robotx_ws/install/rospy2:/home/kenta/ouxt_automation/robotx_ws/install/ros2controlcli:/opt/ros/galactic /usr/bin/cmake --build /home/kenta/ouxt_automation/robotx_ws/src/localization/robotx_ekf/build/robotx_ekf -- -j12 -l12
[0.126s] [35m[1mScanning dependencies of target ekf_component[0m
[0.166s] [ 25%] [32mBuilding CXX object CMakeFiles/ekf_component.dir/src/ekf_component.cpp.o[0m
[11.982s] [ 50%] [32m[1mLinking CXX shared library libekf_component.so[0m
[12.482s] [ 50%] Built target ekf_component
[12.514s] [ 75%] [32m[1mLinking CXX executable ekf_node[0m
[12.729s] [100%] Built target ekf_node
[12.742s] Invoked command in '/home/kenta/ouxt_automation/robotx_ws/src/localization/robotx_ekf/build/robotx_ekf' returned '0': CMAKE_PREFIX_PATH=${CMAKE_PREFIX_PATH}:/home/kenta/ouxt_automation/robotx_ws/install/rosboard:/home/kenta/ouxt_automation/robotx_ws/install/rospy2:/home/kenta/ouxt_automation/robotx_ws/install/ros2controlcli:/opt/ros/galactic /usr/bin/cmake --build /home/kenta/ouxt_automation/robotx_ws/src/localization/robotx_ekf/build/robotx_ekf -- -j12 -l12
[12.822s] Invoking command in '/home/kenta/ouxt_automation/robotx_ws/src/localization/robotx_ekf/build/robotx_ekf': CMAKE_PREFIX_PATH=${CMAKE_PREFIX_PATH}:/home/kenta/ouxt_automation/robotx_ws/install/rosboard:/home/kenta/ouxt_automation/robotx_ws/install/rospy2:/home/kenta/ouxt_automation/robotx_ws/install/ros2controlcli:/opt/ros/galactic /usr/bin/cmake --install /home/kenta/ouxt_automation/robotx_ws/src/localization/robotx_ekf/build/robotx_ekf
[12.834s] -- Install configuration: ""
[12.834s] -- Up-to-date: /home/kenta/ouxt_automation/robotx_ws/src/localization/robotx_ekf/install/robotx_ekf/share/robotx_ekf/environment/library_path.sh
[12.834s] -- Up-to-date: /home/kenta/ouxt_automation/robotx_ws/src/localization/robotx_ekf/install/robotx_ekf/share/robotx_ekf/environment/library_path.dsv
[12.834s] -- Installing: /home/kenta/ouxt_automation/robotx_ws/src/localization/robotx_ekf/install/robotx_ekf/lib/robotx_ekf/ekf_node
[12.835s] -- Set runtime path of "/home/kenta/ouxt_automation/robotx_ws/src/localization/robotx_ekf/install/robotx_ekf/lib/robotx_ekf/ekf_node" to ""
[12.835s] -- Installing: /home/kenta/ouxt_automation/robotx_ws/src/localization/robotx_ekf/install/robotx_ekf/lib/libekf_component.so
[12.847s] -- Set runtime path of "/home/kenta/ouxt_automation/robotx_ws/src/localization/robotx_ekf/install/robotx_ekf/lib/libekf_component.so" to ""
[12.848s] -- Up-to-date: /home/kenta/ouxt_automation/robotx_ws/src/localization/robotx_ekf/install/robotx_ekf/include
[12.848s] -- Up-to-date: /home/kenta/ouxt_automation/robotx_ws/src/localization/robotx_ekf/install/robotx_ekf/include/robotx_ekf
[12.848s] -- Up-to-date: /home/kenta/ouxt_automation/robotx_ws/src/localization/robotx_ekf/install/robotx_ekf/include/robotx_ekf/ekf_component.hpp
[12.848s] -- Up-to-date: /home/kenta/ouxt_automation/robotx_ws/src/localization/robotx_ekf/install/robotx_ekf/share/ament_index/resource_index/package_run_dependencies/robotx_ekf
[12.848s] -- Up-to-date: /home/kenta/ouxt_automation/robotx_ws/src/localization/robotx_ekf/install/robotx_ekf/share/ament_index/resource_index/parent_prefix_path/robotx_ekf
[12.848s] -- Up-to-date: /home/kenta/ouxt_automation/robotx_ws/src/localization/robotx_ekf/install/robotx_ekf/share/robotx_ekf/environment/ament_prefix_path.sh
[12.848s] -- Up-to-date: /home/kenta/ouxt_automation/robotx_ws/src/localization/robotx_ekf/install/robotx_ekf/share/robotx_ekf/environment/ament_prefix_path.dsv
[12.848s] -- Up-to-date: /home/kenta/ouxt_automation/robotx_ws/src/localization/robotx_ekf/install/robotx_ekf/share/robotx_ekf/environment/path.sh
[12.848s] -- Up-to-date: /home/kenta/ouxt_automation/robotx_ws/src/localization/robotx_ekf/install/robotx_ekf/share/robotx_ekf/environment/path.dsv
[12.848s] -- Up-to-date: /home/kenta/ouxt_automation/robotx_ws/src/localization/robotx_ekf/install/robotx_ekf/share/robotx_ekf/local_setup.bash
[12.848s] -- Up-to-date: /home/kenta/ouxt_automation/robotx_ws/src/localization/robotx_ekf/install/robotx_ekf/share/robotx_ekf/local_setup.sh
[12.848s] -- Up-to-date: /home/kenta/ouxt_automation/robotx_ws/src/localization/robotx_ekf/install/robotx_ekf/share/robotx_ekf/local_setup.zsh
[12.848s] -- Up-to-date: /home/kenta/ouxt_automation/robotx_ws/src/localization/robotx_ekf/install/robotx_ekf/share/robotx_ekf/local_setup.dsv
[12.849s] -- Installing: /home/kenta/ouxt_automation/robotx_ws/src/localization/robotx_ekf/install/robotx_ekf/share/robotx_ekf/package.dsv
[12.849s] -- Up-to-date: /home/kenta/ouxt_automation/robotx_ws/src/localization/robotx_ekf/install/robotx_ekf/share/ament_index/resource_index/packages/robotx_ekf
[12.849s] -- Up-to-date: /home/kenta/ouxt_automation/robotx_ws/src/localization/robotx_ekf/install/robotx_ekf/share/ament_index/resource_index/rclcpp_components/robotx_ekf
[12.849s] -- Up-to-date: /home/kenta/ouxt_automation/robotx_ws/src/localization/robotx_ekf/install/robotx_ekf/share/robotx_ekf/cmake/ament_cmake_export_libraries-extras.cmake
[12.849s] -- Up-to-date: /home/kenta/ouxt_automation/robotx_ws/src/localization/robotx_ekf/install/robotx_ekf/share/robotx_ekf/cmake/ament_cmake_export_include_directories-extras.cmake
[12.849s] -- Up-to-date: /home/kenta/ouxt_automation/robotx_ws/src/localization/robotx_ekf/install/robotx_ekf/share/robotx_ekf/cmake/robotx_ekfConfig.cmake
[12.849s] -- Up-to-date: /home/kenta/ouxt_automation/robotx_ws/src/localization/robotx_ekf/install/robotx_ekf/share/robotx_ekf/cmake/robotx_ekfConfig-version.cmake
[12.849s] -- Up-to-date: /home/kenta/ouxt_automation/robotx_ws/src/localization/robotx_ekf/install/robotx_ekf/share/robotx_ekf/package.xml
[12.850s] Invoked command in '/home/kenta/ouxt_automation/robotx_ws/src/localization/robotx_ekf/build/robotx_ekf' returned '0': CMAKE_PREFIX_PATH=${CMAKE_PREFIX_PATH}:/home/kenta/ouxt_automation/robotx_ws/install/rosboard:/home/kenta/ouxt_automation/robotx_ws/install/rospy2:/home/kenta/ouxt_automation/robotx_ws/install/ros2controlcli:/opt/ros/galactic /usr/bin/cmake --install /home/kenta/ouxt_automation/robotx_ws/src/localization/robotx_ekf/build/robotx_ekf
